<?xml version="1.0" encoding="UTF-8"?>
<testng-results ignored="0" total="1" passed="1" failed="0" skipped="0">
  <reporter-output>
  </reporter-output>
  <suite started-at="2021-06-28T19:42:07Z" name="Default suite" finished-at="2021-06-28T19:42:14Z" duration-ms="6885">
    <groups>
    </groups>
    <test started-at="2021-06-28T19:42:07Z" name="Default test" finished-at="2021-06-28T19:42:14Z" duration-ms="6885">
      <class name="com.fresenius.Tests.SystemPageTest">
        <test-method is-config="true" signature="setUp()[pri:0, instance:com.fresenius.Tests.SystemPageTest@2794eab6]" started-at="2021-06-28T19:42:07Z" name="setUp" finished-at="2021-06-28T19:42:13Z" duration-ms="5817" status="PASS">
          <reporter-output>
          </reporter-output>
        </test-method> <!-- setUp -->
        <test-method signature="verifyTitle()[pri:0, instance:com.fresenius.Tests.SystemPageTest@2794eab6]" started-at="2021-06-28T19:42:13Z" name="verifyTitle" finished-at="2021-06-28T19:42:14Z" duration-ms="1034" status="PASS">
          <reporter-output>
          </reporter-output>
        </test-method> <!-- verifyTitle -->
      </class> <!-- com.fresenius.Tests.SystemPageTest -->
    </test> <!-- Default test -->
  </suite> <!-- Default suite -->
</testng-results>
